C:\USERS\DANY\DOCUMENTS\VISUAL STUDIO 2012\PROJECTS\SIMULADOR_CACHE\SIMULADOR_CACHE\DEBUG\SIMULADOR_CACHE.PCH
C:\USERS\DANY\DOCUMENTS\VISUAL STUDIO 2012\PROJECTS\SIMULADOR_CACHE\SIMULADOR_CACHE\DEBUG\STDAFX.OBJ
C:\USERS\DANY\DOCUMENTS\VISUAL STUDIO 2012\PROJECTS\SIMULADOR_CACHE\SIMULADOR_CACHE\DEBUG\VC110.PDB
C:\USERS\DANY\DOCUMENTS\VISUAL STUDIO 2012\PROJECTS\SIMULADOR_CACHE\SIMULADOR_CACHE\DEBUG\SIMULADOR_CACHE.OBJ
C:\USERS\DANY\DOCUMENTS\VISUAL STUDIO 2012\PROJECTS\SIMULADOR_CACHE\SIMULADOR_CACHE\DEBUG\ASSEMBLYINFO.OBJ
C:\USERS\DANY\DOCUMENTS\VISUAL STUDIO 2012\PROJECTS\SIMULADOR_CACHE\SIMULADOR_CACHE\DEBUG\.NETFRAMEWORK,VERSION=V4.5.ASSEMBLYATTRIBUTES.OBJ
C:\USERS\DANY\DOCUMENTS\VISUAL STUDIO 2012\PROJECTS\SIMULADOR_CACHE\DEBUG\SIMULADOR_CACHE.ILK
C:\USERS\DANY\DOCUMENTS\VISUAL STUDIO 2012\PROJECTS\SIMULADOR_CACHE\DEBUG\SIMULADOR_CACHE.EXE
C:\USERS\DANY\DOCUMENTS\VISUAL STUDIO 2012\PROJECTS\SIMULADOR_CACHE\DEBUG\SIMULADOR_CACHE.PDB
C:\USERS\DANY\DOCUMENTS\VISUAL STUDIO 2012\PROJECTS\SIMULADOR_CACHE\SIMULADOR_CACHE\DEBUG\APP.RES
C:\Users\Dany\Documents\Visual Studio 2012\Projects\Simulador_Cache\Simulador_Cache\Debug\Simulador_Cache.Form1.resources
C:\Users\Dany\Documents\Visual Studio 2012\Projects\Simulador_Cache\Simulador_Cache\Debug\Simulador_Cache.vcxproj.GenerateResource.Cache
C:\Users\Dany\Documents\Visual Studio 2012\Projects\Simulador_Cache\Simulador_Cache\Debug\.NETFramework,Version=v4.5.AssemblyAttributes.obj
C:\Users\Dany\Documents\Visual Studio 2012\Projects\Simulador_Cache\Simulador_Cache\Debug\AssemblyInfo.obj
C:\Users\Dany\Documents\Visual Studio 2012\Projects\Simulador_Cache\Simulador_Cache\Debug\Simulador_Cache.obj
C:\Users\Dany\Documents\Visual Studio 2012\Projects\Simulador_Cache\Simulador_Cache\Debug\stdafx.obj
C:\Users\Dany\Documents\Visual Studio 2012\Projects\Simulador_Cache\Simulador_Cache\Debug\cl.command.1.tlog
C:\Users\Dany\Documents\Visual Studio 2012\Projects\Simulador_Cache\Simulador_Cache\Debug\CL.read.1.tlog
C:\Users\Dany\Documents\Visual Studio 2012\Projects\Simulador_Cache\Simulador_Cache\Debug\CL.write.1.tlog
C:\Users\Dany\Documents\Visual Studio 2012\Projects\Simulador_Cache\Simulador_Cache\Debug\link.1912-cvtres.read.1.tlog
C:\Users\Dany\Documents\Visual Studio 2012\Projects\Simulador_Cache\Simulador_Cache\Debug\link.1912-cvtres.write.1.tlog
C:\Users\Dany\Documents\Visual Studio 2012\Projects\Simulador_Cache\Simulador_Cache\Debug\link.1912-rc.read.1.tlog
C:\Users\Dany\Documents\Visual Studio 2012\Projects\Simulador_Cache\Simulador_Cache\Debug\link.1912-rc.write.1.tlog
C:\Users\Dany\Documents\Visual Studio 2012\Projects\Simulador_Cache\Simulador_Cache\Debug\link.1912.read.1.tlog
C:\Users\Dany\Documents\Visual Studio 2012\Projects\Simulador_Cache\Simulador_Cache\Debug\link.1912.write.1.tlog
C:\Users\Dany\Documents\Visual Studio 2012\Projects\Simulador_Cache\Simulador_Cache\Debug\link.command.1.tlog
C:\Users\Dany\Documents\Visual Studio 2012\Projects\Simulador_Cache\Simulador_Cache\Debug\link.read.1.tlog
C:\Users\Dany\Documents\Visual Studio 2012\Projects\Simulador_Cache\Simulador_Cache\Debug\link.write.1.tlog
C:\Users\Dany\Documents\Visual Studio 2012\Projects\Simulador_Cache\Simulador_Cache\Debug\metagen.read.1.tlog
C:\Users\Dany\Documents\Visual Studio 2012\Projects\Simulador_Cache\Simulador_Cache\Debug\metagen.write.1.tlog
C:\Users\Dany\Documents\Visual Studio 2012\Projects\Simulador_Cache\Simulador_Cache\Debug\rc.command.1.tlog
C:\Users\Dany\Documents\Visual Studio 2012\Projects\Simulador_Cache\Simulador_Cache\Debug\rc.read.1.tlog
C:\Users\Dany\Documents\Visual Studio 2012\Projects\Simulador_Cache\Simulador_Cache\Debug\rc.write.1.tlog
C:\Users\Dany\Documents\Visual Studio 2012\Projects\Simulador_Cache\Simulador_Cache\Debug\Simulador_Cache.write.1.tlog
C:\Users\Dany\Documents\Visual Studio 2012\Projects\Simulador_Cache\Simulador_Cache\Debug\app.res
C:\Users\Dany\Documents\Visual Studio 2012\Projects\Simulador_Cache\Simulador_Cache\Debug\Simulador_Cache.pch
C:\Users\Dany\Documents\Visual Studio 2012\Projects\Simulador_Cache\Simulador_Cache\Debug\vc110.pdb
C:\Users\Dany\Documents\Visual Studio 2012\Projects\Simulador_Cache\Simulador_Cache\Debug\RSAENH.DLL.bi
C:\Users\Dany\Documents\Visual Studio 2012\Projects\Simulador_Cache\Simulador_Cache\Debug\TZRES.DLL.bi
C:\Users\Dany\Documents\Visual Studio 2012\Projects\Simulador_Cache\Debug\Simulador_Cache.pdb
C:\Users\Dany\Documents\Visual Studio 2012\Projects\Simulador_Cache\Debug\Simulador_Cache.exe
C:\Users\Dany\Documents\Visual Studio 2012\Projects\Simulador_Cache\Debug\Simulador_Cache.ilk
